#
# There is insufficient memory for the Java Runtime Environment to continue.
# Native memory allocation (malloc) failed to allocate 1431830528 bytes for committing reserved memory.
# Possible reasons:
#   The system is out of physical RAM or swap space
#   In 32 bit mode, the process size limit was hit
# Possible solutions:
#   Reduce memory load on the system
#   Increase physical memory or swap space
#   Check if swap backing store is full
#   Use 64 bit Java on a 64 bit OS
#   Decrease Java heap size (-Xmx/-Xms)
#   Decrease number of Java threads
#   Decrease Java thread stack sizes (-Xss)
#   Set larger code cache with -XX:ReservedCodeCacheSize=
# This output file may be truncated or incomplete.
#
#  Out of Memory Error (os_linux.cpp:2745), pid=5929, tid=140267323463424
#
# JRE version:  (7.0_67-b01) (build )
# Java VM: Java HotSpot(TM) 64-Bit Server VM (24.65-b04 mixed mode linux-amd64 compressed oops)
# Failed to write core dump. Core dumps have been disabled. To enable core dumping, try "ulimit -c unlimited" before starting Java again
#

---------------  T H R E A D  ---------------

Current thread (0x00007f928000c000):  JavaThread "Unknown thread" [_thread_in_vm, id=5936, stack(0x00007f9287ed1000,0x00007f9287fd2000)]

Stack: [0x00007f9287ed1000,0x00007f9287fd2000],  sp=0x00007f9287fd0230,  free space=1020k
Native frames: (J=compiled Java code, j=interpreted, Vv=VM code, C=native code)
V  [libjvm.so+0x99eb8a]  VMError::report_and_die()+0x2ea
V  [libjvm.so+0x49721b]  report_vm_out_of_memory(char const*, int, unsigned long, char const*)+0x9b
V  [libjvm.so+0x81d9ae]  os::Linux::commit_memory_impl(char*, unsigned long, bool)+0xfe
V  [libjvm.so+0x81def9]  os::pd_commit_memory(char*, unsigned long, unsigned long, bool)+0x29
V  [libjvm.so+0x817caa]  os::commit_memory(char*, unsigned long, unsigned long, bool)+0x2a
V  [libjvm.so+0x88a7a3]  PSVirtualSpace::expand_by(unsigned long)+0x53
V  [libjvm.so+0x879433]  PSOldGen::initialize(ReservedSpace, unsigned long, char const*, int)+0x103
V  [libjvm.so+0x29a3b3]  AdjoiningGenerations::AdjoiningGenerations(ReservedSpace, unsigned long, unsigned long, unsigned long, unsigned long, unsigned long, unsigned long, unsigned long)+0x3e3
V  [libjvm.so+0x83e7e5]  ParallelScavengeHeap::initialize()+0x4d5
V  [libjvm.so+0x971dba]  Universe::initialize_heap()+0xca
V  [libjvm.so+0x972f89]  universe_init()+0x79
V  [libjvm.so+0x5b09f5]  init_globals()+0x65
V  [libjvm.so+0x95a8ed]  Threads::create_vm(JavaVMInitArgs*, bool*)+0x1ed
V  [libjvm.so+0x638a34]  JNI_CreateJavaVM+0x74
C  [libjli.so+0x2f8e]  JavaMain+0x9e


---------------  P R O C E S S  ---------------

Java Threads: ( => current thread )

Other Threads:

=>0x00007f928000c000 (exited) JavaThread "Unknown thread" [_thread_in_vm, id=5936, stack(0x00007f9287ed1000,0x00007f9287fd2000)]

VM state:not at safepoint (not fully initialized)

VM Mutex/Monitor currently owned by a thread: None

GC Heap History (0 events):
No events

Deoptimization events (0 events):
No events

Internal exceptions (0 events):
No events

Events (0 events):
No events


Dynamic libraries:
00400000-00401000 r-xp 00000000 08:05 1185926                            /opt/jdk7/bin/java
00600000-00601000 rw-p 00000000 08:05 1185926                            /opt/jdk7/bin/java
022de000-022ff000 rw-p 00000000 00:00 0                                  [heap]
73ff80000-77ff80000 rw-p 00000000 00:00 0 
7d5500000-800000000 rw-p 00000000 00:00 0 
7f927a000000-7f927a270000 rwxp 00000000 00:00 0 
7f927a270000-7f9280028000 rw-p 00000000 00:00 0 
7f9280028000-7f9284000000 ---p 00000000 00:00 0 
7f9284800000-7f9284a47000 rw-p 00000000 00:00 0 
7f9284a47000-7f9284ef1000 rw-p 00000000 00:00 0 
7f9284ef1000-7f9285052000 rw-p 00000000 00:00 0 
7f9285052000-7f92851c8000 rw-p 00000000 00:00 0 
7f92851c8000-7f92851e2000 r-xp 00000000 08:05 1186545                    /opt/jdk7/jre/lib/amd64/libzip.so
7f92851e2000-7f92853e2000 ---p 0001a000 08:05 1186545                    /opt/jdk7/jre/lib/amd64/libzip.so
7f92853e2000-7f92853e3000 rw-p 0001a000 08:05 1186545                    /opt/jdk7/jre/lib/amd64/libzip.so
7f92853e3000-7f92853ee000 r-xp 00000000 08:05 5248099                    /lib/x86_64-linux-gnu/libnss_files-2.19.so
7f92853ee000-7f92855ed000 ---p 0000b000 08:05 5248099                    /lib/x86_64-linux-gnu/libnss_files-2.19.so
7f92855ed000-7f92855ee000 r--p 0000a000 08:05 5248099                    /lib/x86_64-linux-gnu/libnss_files-2.19.so
7f92855ee000-7f92855ef000 rw-p 0000b000 08:05 5248099                    /lib/x86_64-linux-gnu/libnss_files-2.19.so
7f92855ef000-7f92855fa000 r-xp 00000000 08:05 5250172                    /lib/x86_64-linux-gnu/libnss_nis-2.19.so
7f92855fa000-7f92857f9000 ---p 0000b000 08:05 5250172                    /lib/x86_64-linux-gnu/libnss_nis-2.19.so
7f92857f9000-7f92857fa000 r--p 0000a000 08:05 5250172                    /lib/x86_64-linux-gnu/libnss_nis-2.19.so
7f92857fa000-7f92857fb000 rw-p 0000b000 08:05 5250172                    /lib/x86_64-linux-gnu/libnss_nis-2.19.so
7f92857fb000-7f9285812000 r-xp 00000000 08:05 5250075                    /lib/x86_64-linux-gnu/libnsl-2.19.so
7f9285812000-7f9285a11000 ---p 00017000 08:05 5250075                    /lib/x86_64-linux-gnu/libnsl-2.19.so
7f9285a11000-7f9285a12000 r--p 00016000 08:05 5250075                    /lib/x86_64-linux-gnu/libnsl-2.19.so
7f9285a12000-7f9285a13000 rw-p 00017000 08:05 5250075                    /lib/x86_64-linux-gnu/libnsl-2.19.so
7f9285a13000-7f9285a15000 rw-p 00000000 00:00 0 
7f9285a15000-7f9285a1e000 r-xp 00000000 08:05 5250071                    /lib/x86_64-linux-gnu/libnss_compat-2.19.so
7f9285a1e000-7f9285c1d000 ---p 00009000 08:05 5250071                    /lib/x86_64-linux-gnu/libnss_compat-2.19.so
7f9285c1d000-7f9285c1e000 r--p 00008000 08:05 5250071                    /lib/x86_64-linux-gnu/libnss_compat-2.19.so
7f9285c1e000-7f9285c1f000 rw-p 00009000 08:05 5250071                    /lib/x86_64-linux-gnu/libnss_compat-2.19.so
7f9285c1f000-7f9285c48000 r-xp 00000000 08:05 1186528                    /opt/jdk7/jre/lib/amd64/libjava.so
7f9285c48000-7f9285e48000 ---p 00029000 08:05 1186528                    /opt/jdk7/jre/lib/amd64/libjava.so
7f9285e48000-7f9285e4a000 rw-p 00029000 08:05 1186528                    /opt/jdk7/jre/lib/amd64/libjava.so
7f9285e4a000-7f9285e57000 r-xp 00000000 08:05 1186490                    /opt/jdk7/jre/lib/amd64/libverify.so
7f9285e57000-7f9286056000 ---p 0000d000 08:05 1186490                    /opt/jdk7/jre/lib/amd64/libverify.so
7f9286056000-7f9286058000 rw-p 0000c000 08:05 1186490                    /opt/jdk7/jre/lib/amd64/libverify.so
7f9286058000-7f928605f000 r-xp 00000000 08:05 5250137                    /lib/x86_64-linux-gnu/librt-2.19.so
7f928605f000-7f928625e000 ---p 00007000 08:05 5250137                    /lib/x86_64-linux-gnu/librt-2.19.so
7f928625e000-7f928625f000 r--p 00006000 08:05 5250137                    /lib/x86_64-linux-gnu/librt-2.19.so
7f928625f000-7f9286260000 rw-p 00007000 08:05 5250137                    /lib/x86_64-linux-gnu/librt-2.19.so
7f9286260000-7f9286365000 r-xp 00000000 08:05 5248094                    /lib/x86_64-linux-gnu/libm-2.19.so
7f9286365000-7f9286564000 ---p 00105000 08:05 5248094                    /lib/x86_64-linux-gnu/libm-2.19.so
7f9286564000-7f9286565000 r--p 00104000 08:05 5248094                    /lib/x86_64-linux-gnu/libm-2.19.so
7f9286565000-7f9286566000 rw-p 00105000 08:05 5248094                    /lib/x86_64-linux-gnu/libm-2.19.so
7f9286566000-7f92870d6000 r-xp 00000000 08:05 1186504                    /opt/jdk7/jre/lib/amd64/server/libjvm.so
7f92870d6000-7f92872d5000 ---p 00b70000 08:05 1186504                    /opt/jdk7/jre/lib/amd64/server/libjvm.so
7f92872d5000-7f928739a000 rw-p 00b6f000 08:05 1186504                    /opt/jdk7/jre/lib/amd64/server/libjvm.so
7f928739a000-7f92873da000 rw-p 00000000 00:00 0 
7f92873da000-7f9287595000 r-xp 00000000 08:05 5250105                    /lib/x86_64-linux-gnu/libc-2.19.so
7f9287595000-7f9287794000 ---p 001bb000 08:05 5250105                    /lib/x86_64-linux-gnu/libc-2.19.so
7f9287794000-7f9287798000 r--p 001ba000 08:05 5250105                    /lib/x86_64-linux-gnu/libc-2.19.so
7f9287798000-7f928779a000 rw-p 001be000 08:05 5250105                    /lib/x86_64-linux-gnu/libc-2.19.so
7f928779a000-7f928779f000 rw-p 00000000 00:00 0 
7f928779f000-7f92877a2000 r-xp 00000000 08:05 5250030                    /lib/x86_64-linux-gnu/libdl-2.19.so
7f92877a2000-7f92879a1000 ---p 00003000 08:05 5250030                    /lib/x86_64-linux-gnu/libdl-2.19.so
7f92879a1000-7f92879a2000 r--p 00002000 08:05 5250030                    /lib/x86_64-linux-gnu/libdl-2.19.so
7f92879a2000-7f92879a3000 rw-p 00003000 08:05 5250030                    /lib/x86_64-linux-gnu/libdl-2.19.so
7f92879a3000-7f92879b9000 r-xp 00000000 08:05 1186792                    /opt/jdk7/lib/amd64/jli/libjli.so
7f92879b9000-7f9287bb9000 ---p 00016000 08:05 1186792                    /opt/jdk7/lib/amd64/jli/libjli.so
7f9287bb9000-7f9287bba000 rw-p 00016000 08:05 1186792                    /opt/jdk7/lib/amd64/jli/libjli.so
7f9287bba000-7f9287bd3000 r-xp 00000000 08:05 5250131                    /lib/x86_64-linux-gnu/libpthread-2.19.so
7f9287bd3000-7f9287dd2000 ---p 00019000 08:05 5250131                    /lib/x86_64-linux-gnu/libpthread-2.19.so
7f9287dd2000-7f9287dd3000 r--p 00018000 08:05 5250131                    /lib/x86_64-linux-gnu/libpthread-2.19.so
7f9287dd3000-7f9287dd4000 rw-p 00019000 08:05 5250131                    /lib/x86_64-linux-gnu/libpthread-2.19.so
7f9287dd4000-7f9287dd8000 rw-p 00000000 00:00 0 
7f9287dd8000-7f9287dfb000 r-xp 00000000 08:05 5250098                    /lib/x86_64-linux-gnu/ld-2.19.so
7f9287ed1000-7f9287ed4000 ---p 00000000 00:00 0 
7f9287ed4000-7f9287fd6000 rw-p 00000000 00:00 0                          [stack:5936]
7f9287fec000-7f9287fee000 rw-p 00000000 00:00 0 
7f9287fee000-7f9287ff6000 rw-s 00000000 08:05 1838133                    /tmp/hsperfdata_pablo/5929
7f9287ff6000-7f9287ff7000 rw-p 00000000 00:00 0 
7f9287ff7000-7f9287ff8000 r--p 00000000 00:00 0 
7f9287ff8000-7f9287ffa000 rw-p 00000000 00:00 0 
7f9287ffa000-7f9287ffb000 r--p 00022000 08:05 5250098                    /lib/x86_64-linux-gnu/ld-2.19.so
7f9287ffb000-7f9287ffc000 rw-p 00023000 08:05 5250098                    /lib/x86_64-linux-gnu/ld-2.19.so
7f9287ffc000-7f9287ffd000 rw-p 00000000 00:00 0 
7fff8a899000-7fff8a8bc000 rw-p 00000000 00:00 0                          [stack]
7fff8a928000-7fff8a92a000 r-xp 00000000 00:00 0                          [vdso]
ffffffffff600000-ffffffffff601000 r-xp 00000000 00:00 0                  [vsyscall]

VM Arguments:
jvm_args: -XX:+TieredCompilation -XX:TieredStopAtLevel=1 -XX:CICompilerCount=3 -Xmx2048M -Xms2048M -XX:PermSize=1024m -XX:MaxPermSize=1024m -Dfile.encoding=UTF-8 -XX:-UseSplitVerifier -Xverify:none 
java_command: org.grails.cli.GrailsCli integrate-with --git
Launcher Type: SUN_STANDARD

Environment Variables:
JAVA_HOME=/opt/jdk7
PATH=/home/pablo/.gvm/vertx/current/bin:/home/pablo/.gvm/springboot/current/bin:/home/pablo/.gvm/lazybones/current/bin:/home/pablo/.gvm/jbake/current/bin:/home/pablo/.gvm/groovyserv/current/bin:/home/pablo/.gvm/groovy/current/bin:/home/pablo/.gvm/griffon/current/bin:/home/pablo/.gvm/grails/current/bin:/home/pablo/.gvm/gradle/current/bin:/home/pablo/.gvm/glide/current/bin:/home/pablo/.gvm/gaiden/current/bin:/home/pablo/.gvm/crash/current/bin:/home/pablo/.gvm/asciidoctorj/current/bin:/usr/local/sbin:/usr/local/bin:/usr/sbin:/usr/bin:/sbin:/bin:/usr/games:/usr/local/gamesi:/opt/jdk7/bin:/opt/grails/grails-2.4.3/bin
SHELL=/bin/bash
DISPLAY=:0

Signal Handlers:
SIGSEGV: [libjvm.so+0x99f4a0], sa_mask[0]=0x7ffbfeff, sa_flags=0x10000004
SIGBUS: [libjvm.so+0x99f4a0], sa_mask[0]=0x7ffbfeff, sa_flags=0x10000004
SIGFPE: [libjvm.so+0x81a860], sa_mask[0]=0x7ffbfeff, sa_flags=0x10000004
SIGPIPE: [libjvm.so+0x81a860], sa_mask[0]=0x7ffbfeff, sa_flags=0x10000004
SIGXFSZ: [libjvm.so+0x81a860], sa_mask[0]=0x7ffbfeff, sa_flags=0x10000004
SIGILL: [libjvm.so+0x81a860], sa_mask[0]=0x7ffbfeff, sa_flags=0x10000004
SIGUSR1: SIG_DFL, sa_mask[0]=0x00000000, sa_flags=0x00000000
SIGUSR2: [libjvm.so+0x81c060], sa_mask[0]=0x00000000, sa_flags=0x10000004
SIGHUP: SIG_DFL, sa_mask[0]=0x00000000, sa_flags=0x00000000
SIGINT: SIG_DFL, sa_mask[0]=0x00000000, sa_flags=0x00000000
SIGTERM: SIG_DFL, sa_mask[0]=0x00000000, sa_flags=0x00000000
SIGQUIT: SIG_DFL, sa_mask[0]=0x00000000, sa_flags=0x00000000


---------------  S Y S T E M  ---------------

OS:jessie/sid

uname:Linux 3.13.0-53-generic #89-Ubuntu SMP Wed May 20 10:34:39 UTC 2015 x86_64
libc:glibc 2.19 NPTL 2.19 
rlimit: STACK 8192k, CORE 0k, NPROC 29026, NOFILE 4096, AS infinity
load average:0.16 0.17 0.35

/proc/meminfo:
MemTotal:        3737000 kB
MemFree:         1042988 kB
Buffers:           25012 kB
Cached:           780792 kB
SwapCached:            0 kB
Active:          1894564 kB
Inactive:         644744 kB
Active(anon):    1752732 kB
Inactive(anon):   495132 kB
Active(file):     141832 kB
Inactive(file):   149612 kB
Unevictable:           0 kB
Mlocked:               0 kB
SwapTotal:             0 kB
SwapFree:              0 kB
Dirty:               120 kB
Writeback:             0 kB
AnonPages:       1733608 kB
Mapped:           159076 kB
Shmem:            514356 kB
Slab:              61632 kB
SReclaimable:      29144 kB
SUnreclaim:        32488 kB
KernelStack:        4152 kB
PageTables:        34312 kB
NFS_Unstable:          0 kB
Bounce:                0 kB
WritebackTmp:          0 kB
CommitLimit:     1868500 kB
Committed_AS:    9588976 kB
VmallocTotal:   34359738367 kB
VmallocUsed:      351012 kB
VmallocChunk:   34359345296 kB
HardwareCorrupted:     0 kB
AnonHugePages:   1011712 kB
HugePages_Total:       0
HugePages_Free:        0
HugePages_Rsvd:        0
HugePages_Surp:        0
Hugepagesize:       2048 kB
DirectMap4k:       71912 kB
DirectMap2M:     3807232 kB


CPU:total 4 (2 cores per cpu, 2 threads per core) family 6 model 58 stepping 9, cmov, cx8, fxsr, mmx, sse, sse2, sse3, ssse3, sse4.1, sse4.2, popcnt, avx, erms, ht, tsc, tscinvbit, tscinv

/proc/cpuinfo:
processor	: 0
vendor_id	: GenuineIntel
cpu family	: 6
model		: 58
model name	: Intel(R) Core(TM) i3-3220 CPU @ 3.30GHz
stepping	: 9
microcode	: 0x12
cpu MHz		: 3300.000
cache size	: 3072 KB
physical id	: 0
siblings	: 4
core id		: 0
cpu cores	: 2
apicid		: 0
initial apicid	: 0
fpu		: yes
fpu_exception	: yes
cpuid level	: 13
wp		: yes
flags		: fpu vme de pse tsc msr pae mce cx8 apic sep mtrr pge mca cmov pat pse36 clflush dts acpi mmx fxsr sse sse2 ss ht tm pbe syscall nx rdtscp lm constant_tsc arch_perfmon pebs bts rep_good nopl xtopology nonstop_tsc aperfmperf eagerfpu pni pclmulqdq dtes64 monitor ds_cpl vmx est tm2 ssse3 cx16 xtpr pdcm pcid sse4_1 sse4_2 popcnt tsc_deadline_timer xsave avx f16c lahf_lm arat epb xsaveopt pln pts dtherm tpr_shadow vnmi flexpriority ept vpid fsgsbase smep erms
bogomips	: 6599.74
clflush size	: 64
cache_alignment	: 64
address sizes	: 36 bits physical, 48 bits virtual
power management:

processor	: 1
vendor_id	: GenuineIntel
cpu family	: 6
model		: 58
model name	: Intel(R) Core(TM) i3-3220 CPU @ 3.30GHz
stepping	: 9
microcode	: 0x12
cpu MHz		: 3300.000
cache size	: 3072 KB
physical id	: 0
siblings	: 4
core id		: 1
cpu cores	: 2
apicid		: 2
initial apicid	: 2
fpu		: yes
fpu_exception	: yes
cpuid level	: 13
wp		: yes
flags		: fpu vme de pse tsc msr pae mce cx8 apic sep mtrr pge mca cmov pat pse36 clflush dts acpi mmx fxsr sse sse2 ss ht tm pbe syscall nx rdtscp lm constant_tsc arch_perfmon pebs bts rep_good nopl xtopology nonstop_tsc aperfmperf eagerfpu pni pclmulqdq dtes64 monitor ds_cpl vmx est tm2 ssse3 cx16 xtpr pdcm pcid sse4_1 sse4_2 popcnt tsc_deadline_timer xsave avx f16c lahf_lm arat epb xsaveopt pln pts dtherm tpr_shadow vnmi flexpriority ept vpid fsgsbase smep erms
bogomips	: 6599.74
clflush size	: 64
cache_alignment	: 64
address sizes	: 36 bits physical, 48 bits virtual
power management:

processor	: 2
vendor_id	: GenuineIntel
cpu family	: 6
model		: 58
model name	: Intel(R) Core(TM) i3-3220 CPU @ 3.30GHz
stepping	: 9
microcode	: 0x12
cpu MHz		: 3300.000
cache size	: 3072 KB
physical id	: 0
siblings	: 4
core id		: 0
cpu cores	: 2
apicid		: 1
initial apicid	: 1
fpu		: yes
fpu_exception	: yes
cpuid level	: 13
wp		: yes
flags		: fpu vme de pse tsc msr pae mce cx8 apic sep mtrr pge mca cmov pat pse36 clflush dts acpi mmx fxsr sse sse2 ss ht tm pbe syscall nx rdtscp lm constant_tsc arch_perfmon pebs bts rep_good nopl xtopology nonstop_tsc aperfmperf eagerfpu pni pclmulqdq dtes64 monitor ds_cpl vmx est tm2 ssse3 cx16 xtpr pdcm pcid sse4_1 sse4_2 popcnt tsc_deadline_timer xsave avx f16c lahf_lm arat epb xsaveopt pln pts dtherm tpr_shadow vnmi flexpriority ept vpid fsgsbase smep erms
bogomips	: 6599.74
clflush size	: 64
cache_alignment	: 64
address sizes	: 36 bits physical, 48 bits virtual
power management:

processor	: 3
vendor_id	: GenuineIntel
cpu family	: 6
model		: 58
model name	: Intel(R) Core(TM) i3-3220 CPU @ 3.30GHz
stepping	: 9
microcode	: 0x12
cpu MHz		: 3300.000
cache size	: 3072 KB
physical id	: 0
siblings	: 4
core id		: 1
cpu cores	: 2
apicid		: 3
initial apicid	: 3
fpu		: yes
fpu_exception	: yes
cpuid level	: 13
wp		: yes
flags		: fpu vme de pse tsc msr pae mce cx8 apic sep mtrr pge mca cmov pat pse36 clflush dts acpi mmx fxsr sse sse2 ss ht tm pbe syscall nx rdtscp lm constant_tsc arch_perfmon pebs bts rep_good nopl xtopology nonstop_tsc aperfmperf eagerfpu pni pclmulqdq dtes64 monitor ds_cpl vmx est tm2 ssse3 cx16 xtpr pdcm pcid sse4_1 sse4_2 popcnt tsc_deadline_timer xsave avx f16c lahf_lm arat epb xsaveopt pln pts dtherm tpr_shadow vnmi flexpriority ept vpid fsgsbase smep erms
bogomips	: 6599.74
clflush size	: 64
cache_alignment	: 64
address sizes	: 36 bits physical, 48 bits virtual
power management:



Memory: 4k page, physical 3737000k(1042988k free), swap 0k(0k free)

vm_info: Java HotSpot(TM) 64-Bit Server VM (24.65-b04) for linux-amd64 JRE (1.7.0_67-b01), built on Jul 25 2014 09:20:21 by "java_re" with gcc 4.3.0 20080428 (Red Hat 4.3.0-8)

time: Sun Jun 21 21:42:32 2015
elapsed time: 0 seconds

