ERROR StackTrace - Full Stack Trace:
org.grails.gsp.GroovyPagesException: Could not parse script [/home/pablo/desa/personal/scm/grails-app/views/home/index.gsp]: startup failed:
home_pablo_desa_personal_scm_grails_app_views_home_index_gsp: 37: unexpected token: def @ line 37, column 1.
   def myDailyActivitiesData = [['Work', 11], ['Eat', 2], ['Commute', 2], ['Watch TV', 2], ['Sleep', 7]])
   ^

1 error

	at org.grails.gsp.GroovyPagesTemplateEngine.compileGroovyPage(GroovyPagesTemplateEngine.java:614) ~[grails-gsp-3.0.1.jar:3.0.1]
	at org.grails.gsp.GroovyPagesTemplateEngine.buildPageMetaInfo(GroovyPagesTemplateEngine.java:554) ~[grails-gsp-3.0.1.jar:3.0.1]
	at org.grails.gsp.GroovyPagesTemplateEngine.buildPageMetaInfo(GroovyPagesTemplateEngine.java:445) ~[grails-gsp-3.0.1.jar:3.0.1]
	at org.grails.gsp.GroovyPagesTemplateEngine$GroovyPagesTemplateEngineCacheEntry.updateValue(GroovyPagesTemplateEngine.java:135) ~[grails-gsp-3.0.1.jar:3.0.1]
	at org.grails.gsp.GroovyPagesTemplateEngine$GroovyPagesTemplateEngineCacheEntry.updateValue(GroovyPagesTemplateEngine.java:114) ~[grails-gsp-3.0.1.jar:3.0.1]
	at grails.util.CacheEntry.getValue(CacheEntry.java:144) ~[grails-core-3.0.1.jar:3.0.1]
	at grails.util.CacheEntry.getValue(CacheEntry.java:84) ~[grails-core-3.0.1.jar:3.0.1]
	at org.grails.gsp.GroovyPagesTemplateEngine.createTemplate(GroovyPagesTemplateEngine.java:281) ~[grails-gsp-3.0.1.jar:3.0.1]
	at org.grails.gsp.GroovyPagesTemplateEngine.createTemplate(GroovyPagesTemplateEngine.java:271) ~[grails-gsp-3.0.1.jar:3.0.1]
	at org.grails.gsp.GroovyPagesTemplateEngine.createTemplate(GroovyPagesTemplateEngine.java:373) ~[grails-gsp-3.0.1.jar:3.0.1]
	at org.grails.web.servlet.view.GroovyPageView.initTemplate(GroovyPageView.java:174) ~[grails-web-gsp-3.0.1.jar:3.0.1]
	at org.grails.web.servlet.view.GroovyPageView.afterPropertiesSet(GroovyPageView.java:163) ~[grails-web-gsp-3.0.1.jar:3.0.1]
	at org.grails.web.servlet.view.GroovyPageViewResolver.createGroovyPageView(GroovyPageViewResolver.java:209) ~[grails-web-gsp-3.0.1.jar:3.0.1]
	at org.grails.web.servlet.view.GroovyPageViewResolver.createGrailsView(GroovyPageViewResolver.java:192) ~[grails-web-gsp-3.0.1.jar:3.0.1]
	at org.grails.web.servlet.view.GroovyPageViewResolver.loadView(GroovyPageViewResolver.java:97) ~[grails-web-gsp-3.0.1.jar:3.0.1]
	at org.springframework.web.servlet.view.AbstractCachingViewResolver.createView(AbstractCachingViewResolver.java:244) ~[spring-webmvc-4.1.6.RELEASE.jar:4.1.6.RELEASE]
	at org.springframework.web.servlet.view.UrlBasedViewResolver.createView(UrlBasedViewResolver.java:446) ~[spring-webmvc-4.1.6.RELEASE.jar:4.1.6.RELEASE]
	at org.springframework.web.servlet.view.AbstractCachingViewResolver.resolveViewName(AbstractCachingViewResolver.java:146) ~[spring-webmvc-4.1.6.RELEASE.jar:4.1.6.RELEASE]
	at org.grails.web.servlet.view.GroovyPageViewResolver.resolveViewName(GroovyPageViewResolver.java:86) ~[grails-web-gsp-3.0.1.jar:3.0.1]
	at org.grails.web.servlet.view.GrailsLayoutViewResolver.resolveViewName(GrailsLayoutViewResolver.java:50) ~[grails-web-gsp-3.0.1.jar:3.0.1]
	at org.springframework.web.servlet.DispatcherServlet.resolveViewName(DispatcherServlet.java:1283) [spring-webmvc-4.1.6.RELEASE.jar:4.1.6.RELEASE]
	at org.springframework.web.servlet.DispatcherServlet.render(DispatcherServlet.java:1224) [spring-webmvc-4.1.6.RELEASE.jar:4.1.6.RELEASE]
	at org.springframework.web.servlet.DispatcherServlet.processDispatchResult(DispatcherServlet.java:1027) [spring-webmvc-4.1.6.RELEASE.jar:4.1.6.RELEASE]
	at org.springframework.web.servlet.DispatcherServlet.doDispatch(DispatcherServlet.java:971) [spring-webmvc-4.1.6.RELEASE.jar:4.1.6.RELEASE]
	at org.springframework.web.servlet.DispatcherServlet.doService(DispatcherServlet.java:893) [spring-webmvc-4.1.6.RELEASE.jar:4.1.6.RELEASE]
	at org.springframework.web.servlet.FrameworkServlet.processRequest(FrameworkServlet.java:966) [spring-webmvc-4.1.6.RELEASE.jar:4.1.6.RELEASE]
	at org.springframework.web.servlet.FrameworkServlet.doGet(FrameworkServlet.java:857) [spring-webmvc-4.1.6.RELEASE.jar:4.1.6.RELEASE]
	at javax.servlet.http.HttpServlet.service(HttpServlet.java:618) [tomcat-embed-core-8.0.20.jar:8.0.20]
	at org.springframework.web.servlet.FrameworkServlet.service(FrameworkServlet.java:842) [spring-webmvc-4.1.6.RELEASE.jar:4.1.6.RELEASE]
	at javax.servlet.http.HttpServlet.service(HttpServlet.java:725) [tomcat-embed-core-8.0.20.jar:8.0.20]
	at org.apache.catalina.core.ApplicationFilterChain.internalDoFilter(ApplicationFilterChain.java:291) [tomcat-embed-core-8.0.20.jar:8.0.20]
	at org.apache.catalina.core.ApplicationFilterChain.doFilter(ApplicationFilterChain.java:206) [tomcat-embed-core-8.0.20.jar:8.0.20]
	at org.apache.tomcat.websocket.server.WsFilter.doFilter(WsFilter.java:52) [tomcat-embed-websocket-8.0.20.jar:8.0.20]
	at org.apache.catalina.core.ApplicationFilterChain.internalDoFilter(ApplicationFilterChain.java:239) [tomcat-embed-core-8.0.20.jar:8.0.20]
	at org.apache.catalina.core.ApplicationFilterChain.doFilter(ApplicationFilterChain.java:206) [tomcat-embed-core-8.0.20.jar:8.0.20]
	at org.springframework.boot.actuate.autoconfigure.EndpointWebMvcAutoConfiguration$ApplicationContextHeaderFilter.doFilterInternal(EndpointWebMvcAutoConfiguration.java:291) [spring-boot-actuator-1.2.3.RELEASE.jar:1.2.3.RELEASE]
	at org.springframework.web.filter.OncePerRequestFilter.doFilter(OncePerRequestFilter.java:107) [spring-web-4.1.6.RELEASE.jar:4.1.6.RELEASE]
	at org.apache.catalina.core.ApplicationFilterChain.internalDoFilter(ApplicationFilterChain.java:239) [tomcat-embed-core-8.0.20.jar:8.0.20]
	at org.apache.catalina.core.ApplicationFilterChain.doFilter(ApplicationFilterChain.java:206) [tomcat-embed-core-8.0.20.jar:8.0.20]
	at org.springframework.boot.actuate.trace.WebRequestTraceFilter.doFilterInternal(WebRequestTraceFilter.java:102) [spring-boot-actuator-1.2.3.RELEASE.jar:1.2.3.RELEASE]
	at org.springframework.web.filter.OncePerRequestFilter.doFilter(OncePerRequestFilter.java:107) [spring-web-4.1.6.RELEASE.jar:4.1.6.RELEASE]
	at org.apache.catalina.core.ApplicationFilterChain.internalDoFilter(ApplicationFilterChain.java:239) [tomcat-embed-core-8.0.20.jar:8.0.20]
	at org.apache.catalina.core.ApplicationFilterChain.doFilter(ApplicationFilterChain.java:206) [tomcat-embed-core-8.0.20.jar:8.0.20]
	at org.grails.web.servlet.mvc.GrailsWebRequestFilter.doFilterInternal(GrailsWebRequestFilter.java:73) [grails-web-mvc-3.0.1.jar:3.0.1]
	at org.springframework.web.filter.OncePerRequestFilter.doFilter(OncePerRequestFilter.java:107) [spring-web-4.1.6.RELEASE.jar:4.1.6.RELEASE]
	at org.apache.catalina.core.ApplicationFilterChain.internalDoFilter(ApplicationFilterChain.java:239) [tomcat-embed-core-8.0.20.jar:8.0.20]
	at org.apache.catalina.core.ApplicationFilterChain.doFilter(ApplicationFilterChain.java:206) [tomcat-embed-core-8.0.20.jar:8.0.20]
	at org.grails.web.filters.HiddenHttpMethodFilter.doFilterInternal(HiddenHttpMethodFilter.java:67) [grails-web-mvc-3.0.1.jar:3.0.1]
	at org.springframework.web.filter.OncePerRequestFilter.doFilter(OncePerRequestFilter.java:107) [spring-web-4.1.6.RELEASE.jar:4.1.6.RELEASE]
	at org.apache.catalina.core.ApplicationFilterChain.internalDoFilter(ApplicationFilterChain.java:239) [tomcat-embed-core-8.0.20.jar:8.0.20]
	at org.apache.catalina.core.ApplicationFilterChain.doFilter(ApplicationFilterChain.java:206) [tomcat-embed-core-8.0.20.jar:8.0.20]
	at org.springframework.web.filter.CharacterEncodingFilter.doFilterInternal(CharacterEncodingFilter.java:85) [spring-web-4.1.6.RELEASE.jar:4.1.6.RELEASE]
	at org.springframework.web.filter.OncePerRequestFilter.doFilter(OncePerRequestFilter.java:107) [spring-web-4.1.6.RELEASE.jar:4.1.6.RELEASE]
	at org.apache.catalina.core.ApplicationFilterChain.internalDoFilter(ApplicationFilterChain.java:239) [tomcat-embed-core-8.0.20.jar:8.0.20]
	at org.apache.catalina.core.ApplicationFilterChain.doFilter(ApplicationFilterChain.java:206) [tomcat-embed-core-8.0.20.jar:8.0.20]
	at org.springframework.boot.actuate.autoconfigure.MetricFilterAutoConfiguration$MetricsFilter.doFilterInternal(MetricFilterAutoConfiguration.java:90) [spring-boot-actuator-1.2.3.RELEASE.jar:1.2.3.RELEASE]
	at org.springframework.web.filter.OncePerRequestFilter.doFilter(OncePerRequestFilter.java:107) [spring-web-4.1.6.RELEASE.jar:4.1.6.RELEASE]
	at org.apache.catalina.core.ApplicationFilterChain.internalDoFilter(ApplicationFilterChain.java:239) [tomcat-embed-core-8.0.20.jar:8.0.20]
	at org.apache.catalina.core.ApplicationFilterChain.doFilter(ApplicationFilterChain.java:206) [tomcat-embed-core-8.0.20.jar:8.0.20]
	at org.apache.catalina.core.StandardWrapperValve.invoke(StandardWrapperValve.java:219) [tomcat-embed-core-8.0.20.jar:8.0.20]
	at org.apache.catalina.core.StandardContextValve.invoke(StandardContextValve.java:106) [tomcat-embed-core-8.0.20.jar:8.0.20]
	at org.apache.catalina.authenticator.AuthenticatorBase.invoke(AuthenticatorBase.java:501) [tomcat-embed-core-8.0.20.jar:8.0.20]
	at org.apache.catalina.core.StandardHostValve.invoke(StandardHostValve.java:142) [tomcat-embed-core-8.0.20.jar:8.0.20]
	at org.apache.catalina.valves.ErrorReportValve.invoke(ErrorReportValve.java:79) [tomcat-embed-core-8.0.20.jar:8.0.20]
	at org.apache.catalina.core.StandardEngineValve.invoke(StandardEngineValve.java:88) [tomcat-embed-core-8.0.20.jar:8.0.20]
	at org.apache.catalina.connector.CoyoteAdapter.service(CoyoteAdapter.java:516) [tomcat-embed-core-8.0.20.jar:8.0.20]
	at org.apache.coyote.http11.AbstractHttp11Processor.process(AbstractHttp11Processor.java:1086) [tomcat-embed-core-8.0.20.jar:8.0.20]
	at org.apache.coyote.AbstractProtocol$AbstractConnectionHandler.process(AbstractProtocol.java:659) [tomcat-embed-core-8.0.20.jar:8.0.20]
	at org.apache.coyote.http11.Http11NioProtocol$Http11ConnectionHandler.process(Http11NioProtocol.java:223) [tomcat-embed-core-8.0.20.jar:8.0.20]
	at org.apache.tomcat.util.net.NioEndpoint$SocketProcessor.doRun(NioEndpoint.java:1558) [tomcat-embed-core-8.0.20.jar:8.0.20]
	at org.apache.tomcat.util.net.NioEndpoint$SocketProcessor.run(NioEndpoint.java:1515) [tomcat-embed-core-8.0.20.jar:8.0.20]
	at java.util.concurrent.ThreadPoolExecutor.runWorker(ThreadPoolExecutor.java:1145) [na:1.7.0_79]
	at java.util.concurrent.ThreadPoolExecutor$Worker.run(ThreadPoolExecutor.java:615) [na:1.7.0_79]
	at org.apache.tomcat.util.threads.TaskThread$WrappingRunnable.run(TaskThread.java:61) [tomcat-embed-core-8.0.20.jar:8.0.20]
	at java.lang.Thread.run(Thread.java:745) [na:1.7.0_79]
Caused by: org.codehaus.groovy.control.MultipleCompilationErrorsException: startup failed:
home_pablo_desa_personal_scm_grails_app_views_home_index_gsp: 37: unexpected token: def @ line 37, column 1.
   def myDailyActivitiesData = [['Work', 11], ['Eat', 2], ['Commute', 2], ['Watch TV', 2], ['Sleep', 7]])
   ^

1 error

	at org.codehaus.groovy.control.ErrorCollector.failIfErrors(ErrorCollector.java:309) ~[groovy-2.4.3.jar:2.4.3]
	at org.codehaus.groovy.control.ErrorCollector.addFatalError(ErrorCollector.java:149) ~[groovy-2.4.3.jar:2.4.3]
	at org.codehaus.groovy.control.ErrorCollector.addError(ErrorCollector.java:119) ~[groovy-2.4.3.jar:2.4.3]
	at org.codehaus.groovy.control.ErrorCollector.addError(ErrorCollector.java:131) ~[groovy-2.4.3.jar:2.4.3]
	at org.codehaus.groovy.control.SourceUnit.addError(SourceUnit.java:359) ~[groovy-2.4.3.jar:2.4.3]
	at org.codehaus.groovy.antlr.AntlrParserPlugin.transformCSTIntoAST(AntlrParserPlugin.java:142) ~[groovy-2.4.3.jar:2.4.3]
	at org.codehaus.groovy.antlr.AntlrParserPlugin.parseCST(AntlrParserPlugin.java:108) ~[groovy-2.4.3.jar:2.4.3]
	at org.codehaus.groovy.control.SourceUnit.parse(SourceUnit.java:236) ~[groovy-2.4.3.jar:2.4.3]
	at org.codehaus.groovy.control.CompilationUnit$1.call(CompilationUnit.java:164) ~[groovy-2.4.3.jar:2.4.3]
	at org.codehaus.groovy.control.CompilationUnit.applyToSourceUnits(CompilationUnit.java:928) ~[groovy-2.4.3.jar:2.4.3]
	at org.codehaus.groovy.control.CompilationUnit.doPhaseOperation(CompilationUnit.java:590) ~[groovy-2.4.3.jar:2.4.3]
	at org.codehaus.groovy.control.CompilationUnit.processPhaseOperations(CompilationUnit.java:566) ~[groovy-2.4.3.jar:2.4.3]
	at org.codehaus.groovy.control.CompilationUnit.compile(CompilationUnit.java:543) ~[groovy-2.4.3.jar:2.4.3]
	at groovy.lang.GroovyClassLoader.doParseClass(GroovyClassLoader.java:297) ~[groovy-2.4.3.jar:2.4.3]
	at groovy.lang.GroovyClassLoader.parseClass(GroovyClassLoader.java:267) ~[groovy-2.4.3.jar:2.4.3]
	at groovy.lang.GroovyClassLoader.parseClass(GroovyClassLoader.java:253) ~[groovy-2.4.3.jar:2.4.3]
	at groovy.lang.GroovyClassLoader.parseClass(GroovyClassLoader.java:211) ~[groovy-2.4.3.jar:2.4.3]
	at org.grails.gsp.GroovyPagesTemplateEngine.compileGroovyPage(GroovyPagesTemplateEngine.java:602) ~[grails-gsp-3.0.1.jar:3.0.1]
	... 74 common frames omitted
ERROR StackTrace - Full Stack Trace:
org.codehaus.groovy.control.MultipleCompilationErrorsException: startup failed:
home_pablo_desa_personal_scm_grails_app_views_home_index_gsp: 37: unexpected token: def @ line 37, column 1.
   def myDailyActivitiesData = [['Work', 11], ['Eat', 2], ['Commute', 2], ['Watch TV', 2], ['Sleep', 7]])
   ^

1 error

	at org.codehaus.groovy.control.ErrorCollector.failIfErrors(ErrorCollector.java:309) ~[groovy-2.4.3.jar:2.4.3]
	at org.codehaus.groovy.control.ErrorCollector.addFatalError(ErrorCollector.java:149) ~[groovy-2.4.3.jar:2.4.3]
	at org.codehaus.groovy.control.ErrorCollector.addError(ErrorCollector.java:119) ~[groovy-2.4.3.jar:2.4.3]
	at org.codehaus.groovy.control.ErrorCollector.addError(ErrorCollector.java:131) ~[groovy-2.4.3.jar:2.4.3]
	at org.codehaus.groovy.control.SourceUnit.addError(SourceUnit.java:359) ~[groovy-2.4.3.jar:2.4.3]
	at org.codehaus.groovy.antlr.AntlrParserPlugin.transformCSTIntoAST(AntlrParserPlugin.java:142) ~[groovy-2.4.3.jar:2.4.3]
	at org.codehaus.groovy.antlr.AntlrParserPlugin.parseCST(AntlrParserPlugin.java:108) ~[groovy-2.4.3.jar:2.4.3]
	at org.codehaus.groovy.control.SourceUnit.parse(SourceUnit.java:236) ~[groovy-2.4.3.jar:2.4.3]
	at org.codehaus.groovy.control.CompilationUnit$1.call(CompilationUnit.java:164) ~[groovy-2.4.3.jar:2.4.3]
	at org.codehaus.groovy.control.CompilationUnit.applyToSourceUnits(CompilationUnit.java:928) ~[groovy-2.4.3.jar:2.4.3]
	at org.codehaus.groovy.control.CompilationUnit.doPhaseOperation(CompilationUnit.java:590) ~[groovy-2.4.3.jar:2.4.3]
	at org.codehaus.groovy.control.CompilationUnit.processPhaseOperations(CompilationUnit.java:566) ~[groovy-2.4.3.jar:2.4.3]
	at org.codehaus.groovy.control.CompilationUnit.compile(CompilationUnit.java:543) ~[groovy-2.4.3.jar:2.4.3]
	at groovy.lang.GroovyClassLoader.doParseClass(GroovyClassLoader.java:297) ~[groovy-2.4.3.jar:2.4.3]
	at groovy.lang.GroovyClassLoader.parseClass(GroovyClassLoader.java:267) ~[groovy-2.4.3.jar:2.4.3]
	at groovy.lang.GroovyClassLoader.parseClass(GroovyClassLoader.java:253) ~[groovy-2.4.3.jar:2.4.3]
	at groovy.lang.GroovyClassLoader.parseClass(GroovyClassLoader.java:211) ~[groovy-2.4.3.jar:2.4.3]
	at org.grails.gsp.GroovyPagesTemplateEngine.compileGroovyPage(GroovyPagesTemplateEngine.java:602) ~[grails-gsp-3.0.1.jar:3.0.1]
	at org.grails.gsp.GroovyPagesTemplateEngine.buildPageMetaInfo(GroovyPagesTemplateEngine.java:554) ~[grails-gsp-3.0.1.jar:3.0.1]
	at org.grails.gsp.GroovyPagesTemplateEngine.buildPageMetaInfo(GroovyPagesTemplateEngine.java:445) ~[grails-gsp-3.0.1.jar:3.0.1]
	at org.grails.gsp.GroovyPagesTemplateEngine$GroovyPagesTemplateEngineCacheEntry.updateValue(GroovyPagesTemplateEngine.java:135) ~[grails-gsp-3.0.1.jar:3.0.1]
	at org.grails.gsp.GroovyPagesTemplateEngine$GroovyPagesTemplateEngineCacheEntry.updateValue(GroovyPagesTemplateEngine.java:114) ~[grails-gsp-3.0.1.jar:3.0.1]
	at grails.util.CacheEntry.getValue(CacheEntry.java:144) ~[grails-core-3.0.1.jar:3.0.1]
	at grails.util.CacheEntry.getValue(CacheEntry.java:84) ~[grails-core-3.0.1.jar:3.0.1]
	at org.grails.gsp.GroovyPagesTemplateEngine.createTemplate(GroovyPagesTemplateEngine.java:281) ~[grails-gsp-3.0.1.jar:3.0.1]
	at org.grails.gsp.GroovyPagesTemplateEngine.createTemplate(GroovyPagesTemplateEngine.java:271) ~[grails-gsp-3.0.1.jar:3.0.1]
	at org.grails.gsp.GroovyPagesTemplateEngine.createTemplate(GroovyPagesTemplateEngine.java:373) ~[grails-gsp-3.0.1.jar:3.0.1]
	at org.grails.web.servlet.view.GroovyPageView.initTemplate(GroovyPageView.java:174) ~[grails-web-gsp-3.0.1.jar:3.0.1]
	at org.grails.web.servlet.view.GroovyPageView.afterPropertiesSet(GroovyPageView.java:163) ~[grails-web-gsp-3.0.1.jar:3.0.1]
	at org.grails.web.servlet.view.GroovyPageViewResolver.createGroovyPageView(GroovyPageViewResolver.java:209) ~[grails-web-gsp-3.0.1.jar:3.0.1]
	at org.grails.web.servlet.view.GroovyPageViewResolver.createGrailsView(GroovyPageViewResolver.java:192) ~[grails-web-gsp-3.0.1.jar:3.0.1]
	at org.grails.web.servlet.view.GroovyPageViewResolver.loadView(GroovyPageViewResolver.java:97) ~[grails-web-gsp-3.0.1.jar:3.0.1]
	at org.springframework.web.servlet.view.AbstractCachingViewResolver.createView(AbstractCachingViewResolver.java:244) ~[spring-webmvc-4.1.6.RELEASE.jar:4.1.6.RELEASE]
	at org.springframework.web.servlet.view.UrlBasedViewResolver.createView(UrlBasedViewResolver.java:446) ~[spring-webmvc-4.1.6.RELEASE.jar:4.1.6.RELEASE]
	at org.springframework.web.servlet.view.AbstractCachingViewResolver.resolveViewName(AbstractCachingViewResolver.java:146) ~[spring-webmvc-4.1.6.RELEASE.jar:4.1.6.RELEASE]
	at org.grails.web.servlet.view.GroovyPageViewResolver.resolveViewName(GroovyPageViewResolver.java:86) ~[grails-web-gsp-3.0.1.jar:3.0.1]
	at org.grails.web.servlet.view.GrailsLayoutViewResolver.resolveViewName(GrailsLayoutViewResolver.java:50) ~[grails-web-gsp-3.0.1.jar:3.0.1]
	at org.springframework.web.servlet.DispatcherServlet.resolveViewName(DispatcherServlet.java:1283) [spring-webmvc-4.1.6.RELEASE.jar:4.1.6.RELEASE]
	at org.springframework.web.servlet.DispatcherServlet.render(DispatcherServlet.java:1224) [spring-webmvc-4.1.6.RELEASE.jar:4.1.6.RELEASE]
	at org.springframework.web.servlet.DispatcherServlet.processDispatchResult(DispatcherServlet.java:1027) [spring-webmvc-4.1.6.RELEASE.jar:4.1.6.RELEASE]
	at org.springframework.web.servlet.DispatcherServlet.doDispatch(DispatcherServlet.java:971) [spring-webmvc-4.1.6.RELEASE.jar:4.1.6.RELEASE]
	at org.springframework.web.servlet.DispatcherServlet.doService(DispatcherServlet.java:893) [spring-webmvc-4.1.6.RELEASE.jar:4.1.6.RELEASE]
	at org.springframework.web.servlet.FrameworkServlet.processRequest(FrameworkServlet.java:966) [spring-webmvc-4.1.6.RELEASE.jar:4.1.6.RELEASE]
	at org.springframework.web.servlet.FrameworkServlet.doGet(FrameworkServlet.java:857) [spring-webmvc-4.1.6.RELEASE.jar:4.1.6.RELEASE]
	at javax.servlet.http.HttpServlet.service(HttpServlet.java:618) [tomcat-embed-core-8.0.20.jar:8.0.20]
	at org.springframework.web.servlet.FrameworkServlet.service(FrameworkServlet.java:842) [spring-webmvc-4.1.6.RELEASE.jar:4.1.6.RELEASE]
	at javax.servlet.http.HttpServlet.service(HttpServlet.java:725) [tomcat-embed-core-8.0.20.jar:8.0.20]
	at org.apache.catalina.core.ApplicationFilterChain.internalDoFilter(ApplicationFilterChain.java:291) [tomcat-embed-core-8.0.20.jar:8.0.20]
	at org.apache.catalina.core.ApplicationFilterChain.doFilter(ApplicationFilterChain.java:206) [tomcat-embed-core-8.0.20.jar:8.0.20]
	at org.apache.tomcat.websocket.server.WsFilter.doFilter(WsFilter.java:52) [tomcat-embed-websocket-8.0.20.jar:8.0.20]
	at org.apache.catalina.core.ApplicationFilterChain.internalDoFilter(ApplicationFilterChain.java:239) [tomcat-embed-core-8.0.20.jar:8.0.20]
	at org.apache.catalina.core.ApplicationFilterChain.doFilter(ApplicationFilterChain.java:206) [tomcat-embed-core-8.0.20.jar:8.0.20]
	at org.springframework.boot.actuate.autoconfigure.EndpointWebMvcAutoConfiguration$ApplicationContextHeaderFilter.doFilterInternal(EndpointWebMvcAutoConfiguration.java:291) [spring-boot-actuator-1.2.3.RELEASE.jar:1.2.3.RELEASE]
	at org.springframework.web.filter.OncePerRequestFilter.doFilter(OncePerRequestFilter.java:107) [spring-web-4.1.6.RELEASE.jar:4.1.6.RELEASE]
	at org.apache.catalina.core.ApplicationFilterChain.internalDoFilter(ApplicationFilterChain.java:239) [tomcat-embed-core-8.0.20.jar:8.0.20]
	at org.apache.catalina.core.ApplicationFilterChain.doFilter(ApplicationFilterChain.java:206) [tomcat-embed-core-8.0.20.jar:8.0.20]
	at org.springframework.boot.actuate.trace.WebRequestTraceFilter.doFilterInternal(WebRequestTraceFilter.java:102) [spring-boot-actuator-1.2.3.RELEASE.jar:1.2.3.RELEASE]
	at org.springframework.web.filter.OncePerRequestFilter.doFilter(OncePerRequestFilter.java:107) [spring-web-4.1.6.RELEASE.jar:4.1.6.RELEASE]
	at org.apache.catalina.core.ApplicationFilterChain.internalDoFilter(ApplicationFilterChain.java:239) [tomcat-embed-core-8.0.20.jar:8.0.20]
	at org.apache.catalina.core.ApplicationFilterChain.doFilter(ApplicationFilterChain.java:206) [tomcat-embed-core-8.0.20.jar:8.0.20]
	at org.grails.web.servlet.mvc.GrailsWebRequestFilter.doFilterInternal(GrailsWebRequestFilter.java:73) [grails-web-mvc-3.0.1.jar:3.0.1]
	at org.springframework.web.filter.OncePerRequestFilter.doFilter(OncePerRequestFilter.java:107) [spring-web-4.1.6.RELEASE.jar:4.1.6.RELEASE]
	at org.apache.catalina.core.ApplicationFilterChain.internalDoFilter(ApplicationFilterChain.java:239) [tomcat-embed-core-8.0.20.jar:8.0.20]
	at org.apache.catalina.core.ApplicationFilterChain.doFilter(ApplicationFilterChain.java:206) [tomcat-embed-core-8.0.20.jar:8.0.20]
	at org.grails.web.filters.HiddenHttpMethodFilter.doFilterInternal(HiddenHttpMethodFilter.java:67) [grails-web-mvc-3.0.1.jar:3.0.1]
	at org.springframework.web.filter.OncePerRequestFilter.doFilter(OncePerRequestFilter.java:107) [spring-web-4.1.6.RELEASE.jar:4.1.6.RELEASE]
	at org.apache.catalina.core.ApplicationFilterChain.internalDoFilter(ApplicationFilterChain.java:239) [tomcat-embed-core-8.0.20.jar:8.0.20]
	at org.apache.catalina.core.ApplicationFilterChain.doFilter(ApplicationFilterChain.java:206) [tomcat-embed-core-8.0.20.jar:8.0.20]
	at org.springframework.web.filter.CharacterEncodingFilter.doFilterInternal(CharacterEncodingFilter.java:85) [spring-web-4.1.6.RELEASE.jar:4.1.6.RELEASE]
	at org.springframework.web.filter.OncePerRequestFilter.doFilter(OncePerRequestFilter.java:107) [spring-web-4.1.6.RELEASE.jar:4.1.6.RELEASE]
	at org.apache.catalina.core.ApplicationFilterChain.internalDoFilter(ApplicationFilterChain.java:239) [tomcat-embed-core-8.0.20.jar:8.0.20]
	at org.apache.catalina.core.ApplicationFilterChain.doFilter(ApplicationFilterChain.java:206) [tomcat-embed-core-8.0.20.jar:8.0.20]
	at org.springframework.boot.actuate.autoconfigure.MetricFilterAutoConfiguration$MetricsFilter.doFilterInternal(MetricFilterAutoConfiguration.java:90) [spring-boot-actuator-1.2.3.RELEASE.jar:1.2.3.RELEASE]
	at org.springframework.web.filter.OncePerRequestFilter.doFilter(OncePerRequestFilter.java:107) [spring-web-4.1.6.RELEASE.jar:4.1.6.RELEASE]
	at org.apache.catalina.core.ApplicationFilterChain.internalDoFilter(ApplicationFilterChain.java:239) [tomcat-embed-core-8.0.20.jar:8.0.20]
	at org.apache.catalina.core.ApplicationFilterChain.doFilter(ApplicationFilterChain.java:206) [tomcat-embed-core-8.0.20.jar:8.0.20]
	at org.apache.catalina.core.StandardWrapperValve.invoke(StandardWrapperValve.java:219) [tomcat-embed-core-8.0.20.jar:8.0.20]
	at org.apache.catalina.core.StandardContextValve.invoke(StandardContextValve.java:106) [tomcat-embed-core-8.0.20.jar:8.0.20]
	at org.apache.catalina.authenticator.AuthenticatorBase.invoke(AuthenticatorBase.java:501) [tomcat-embed-core-8.0.20.jar:8.0.20]
	at org.apache.catalina.core.StandardHostValve.invoke(StandardHostValve.java:142) [tomcat-embed-core-8.0.20.jar:8.0.20]
	at org.apache.catalina.valves.ErrorReportValve.invoke(ErrorReportValve.java:79) [tomcat-embed-core-8.0.20.jar:8.0.20]
	at org.apache.catalina.core.StandardEngineValve.invoke(StandardEngineValve.java:88) [tomcat-embed-core-8.0.20.jar:8.0.20]
	at org.apache.catalina.connector.CoyoteAdapter.service(CoyoteAdapter.java:516) [tomcat-embed-core-8.0.20.jar:8.0.20]
	at org.apache.coyote.http11.AbstractHttp11Processor.process(AbstractHttp11Processor.java:1086) [tomcat-embed-core-8.0.20.jar:8.0.20]
	at org.apache.coyote.AbstractProtocol$AbstractConnectionHandler.process(AbstractProtocol.java:659) [tomcat-embed-core-8.0.20.jar:8.0.20]
	at org.apache.coyote.http11.Http11NioProtocol$Http11ConnectionHandler.process(Http11NioProtocol.java:223) [tomcat-embed-core-8.0.20.jar:8.0.20]
	at org.apache.tomcat.util.net.NioEndpoint$SocketProcessor.doRun(NioEndpoint.java:1558) [tomcat-embed-core-8.0.20.jar:8.0.20]
	at org.apache.tomcat.util.net.NioEndpoint$SocketProcessor.run(NioEndpoint.java:1515) [tomcat-embed-core-8.0.20.jar:8.0.20]
	at java.util.concurrent.ThreadPoolExecutor.runWorker(ThreadPoolExecutor.java:1145) [na:1.7.0_79]
	at java.util.concurrent.ThreadPoolExecutor$Worker.run(ThreadPoolExecutor.java:615) [na:1.7.0_79]
	at org.apache.tomcat.util.threads.TaskThread$WrappingRunnable.run(TaskThread.java:61) [tomcat-embed-core-8.0.20.jar:8.0.20]
	at java.lang.Thread.run(Thread.java:745) [na:1.7.0_79]
ERROR StackTrace - Full Stack Trace:
org.grails.gsp.GroovyPagesException: Could not parse script [/home/pablo/desa/personal/scm/grails-app/views/home/index.gsp]: startup failed:
home_pablo_desa_personal_scm_grails_app_views_home_index_gsp: 37: unexpected token: def @ line 37, column 1.
   def myDailyActivitiesData = [['Work', 11], ['Eat', 2], ['Commute', 2], ['Watch TV', 2], ['Sleep', 7]])
   ^

1 error

	at grails.util.CacheEntry.getValue(CacheEntry.java:144) ~[grails-core-3.0.1.jar:3.0.1]
	at grails.util.CacheEntry.getValue(CacheEntry.java:84) ~[grails-core-3.0.1.jar:3.0.1]
	at java.util.concurrent.ThreadPoolExecutor.runWorker(ThreadPoolExecutor.java:1145) ~[na:1.7.0_79]
	at java.util.concurrent.ThreadPoolExecutor$Worker.run(ThreadPoolExecutor.java:615) ~[na:1.7.0_79]
	at java.lang.Thread.run(Thread.java:745) [na:1.7.0_79]
Caused by: org.codehaus.groovy.control.MultipleCompilationErrorsException: startup failed:
home_pablo_desa_personal_scm_grails_app_views_home_index_gsp: 37: unexpected token: def @ line 37, column 1.
   def myDailyActivitiesData = [['Work', 11], ['Eat', 2], ['Commute', 2], ['Watch TV', 2], ['Sleep', 7]])
   ^

1 error

	at org.codehaus.groovy.control.ErrorCollector.failIfErrors(ErrorCollector.java:309) ~[groovy-2.4.3.jar:2.4.3]
	at org.codehaus.groovy.control.ErrorCollector.addFatalError(ErrorCollector.java:149) ~[groovy-2.4.3.jar:2.4.3]
	at org.codehaus.groovy.control.ErrorCollector.addError(ErrorCollector.java:119) ~[groovy-2.4.3.jar:2.4.3]
	at org.codehaus.groovy.control.ErrorCollector.addError(ErrorCollector.java:131) ~[groovy-2.4.3.jar:2.4.3]
	at org.codehaus.groovy.control.SourceUnit.addError(SourceUnit.java:359) ~[groovy-2.4.3.jar:2.4.3]
	at org.codehaus.groovy.antlr.AntlrParserPlugin.transformCSTIntoAST(AntlrParserPlugin.java:142) ~[groovy-2.4.3.jar:2.4.3]
	at org.codehaus.groovy.antlr.AntlrParserPlugin.parseCST(AntlrParserPlugin.java:108) ~[groovy-2.4.3.jar:2.4.3]
	at org.codehaus.groovy.control.SourceUnit.parse(SourceUnit.java:236) ~[groovy-2.4.3.jar:2.4.3]
	at org.codehaus.groovy.control.CompilationUnit$1.call(CompilationUnit.java:164) ~[groovy-2.4.3.jar:2.4.3]
	at org.codehaus.groovy.control.CompilationUnit.applyToSourceUnits(CompilationUnit.java:928) ~[groovy-2.4.3.jar:2.4.3]
	at org.codehaus.groovy.control.CompilationUnit.doPhaseOperation(CompilationUnit.java:590) ~[groovy-2.4.3.jar:2.4.3]
	at org.codehaus.groovy.control.CompilationUnit.processPhaseOperations(CompilationUnit.java:566) ~[groovy-2.4.3.jar:2.4.3]
	at org.codehaus.groovy.control.CompilationUnit.compile(CompilationUnit.java:543) ~[groovy-2.4.3.jar:2.4.3]
	... 5 common frames omitted
ERROR StackTrace - Full Stack Trace:
org.grails.gsp.GroovyPagesException: Could not parse script [/home/pablo/desa/personal/scm/grails-app/views/home/index.gsp]: startup failed:
home_pablo_desa_personal_scm_grails_app_views_home_index_gsp: 31: unexpected token: def @ line 31, column 1.
   def myDailyActivitiesData = [['Work', 11], ['Eat', 2], ['Commute', 2], ['Watch TV', 2], ['Sleep', 7]])
   ^

1 error

	at org.grails.gsp.GroovyPagesTemplateEngine.compileGroovyPage(GroovyPagesTemplateEngine.java:614) ~[grails-gsp-3.0.1.jar:3.0.1]
	at org.grails.gsp.GroovyPagesTemplateEngine.buildPageMetaInfo(GroovyPagesTemplateEngine.java:554) ~[grails-gsp-3.0.1.jar:3.0.1]
	at org.grails.gsp.GroovyPagesTemplateEngine.buildPageMetaInfo(GroovyPagesTemplateEngine.java:445) ~[grails-gsp-3.0.1.jar:3.0.1]
	at org.grails.gsp.GroovyPagesTemplateEngine$GroovyPagesTemplateEngineCacheEntry.updateValue(GroovyPagesTemplateEngine.java:135) ~[grails-gsp-3.0.1.jar:3.0.1]
	at org.grails.gsp.GroovyPagesTemplateEngine$GroovyPagesTemplateEngineCacheEntry.updateValue(GroovyPagesTemplateEngine.java:114) ~[grails-gsp-3.0.1.jar:3.0.1]
	at grails.util.CacheEntry.getValue(CacheEntry.java:144) ~[grails-core-3.0.1.jar:3.0.1]
	at grails.util.CacheEntry.getValue(CacheEntry.java:84) ~[grails-core-3.0.1.jar:3.0.1]
	at org.grails.gsp.GroovyPagesTemplateEngine.createTemplate(GroovyPagesTemplateEngine.java:281) ~[grails-gsp-3.0.1.jar:3.0.1]
	at org.grails.gsp.GroovyPagesTemplateEngine.createTemplate(GroovyPagesTemplateEngine.java:271) ~[grails-gsp-3.0.1.jar:3.0.1]
	at org.grails.gsp.GroovyPagesTemplateEngine.createTemplate(GroovyPagesTemplateEngine.java:373) ~[grails-gsp-3.0.1.jar:3.0.1]
	at org.grails.web.servlet.view.GroovyPageView.initTemplate(GroovyPageView.java:174) ~[grails-web-gsp-3.0.1.jar:3.0.1]
	at org.grails.web.servlet.view.GroovyPageView.afterPropertiesSet(GroovyPageView.java:163) ~[grails-web-gsp-3.0.1.jar:3.0.1]
	at org.grails.web.servlet.view.GroovyPageViewResolver.createGroovyPageView(GroovyPageViewResolver.java:209) ~[grails-web-gsp-3.0.1.jar:3.0.1]
	at org.grails.web.servlet.view.GroovyPageViewResolver.createGrailsView(GroovyPageViewResolver.java:192) ~[grails-web-gsp-3.0.1.jar:3.0.1]
	at org.grails.web.servlet.view.GroovyPageViewResolver.loadView(GroovyPageViewResolver.java:97) ~[grails-web-gsp-3.0.1.jar:3.0.1]
	at org.springframework.web.servlet.view.AbstractCachingViewResolver.createView(AbstractCachingViewResolver.java:244) ~[spring-webmvc-4.1.6.RELEASE.jar:4.1.6.RELEASE]
	at org.springframework.web.servlet.view.UrlBasedViewResolver.createView(UrlBasedViewResolver.java:446) ~[spring-webmvc-4.1.6.RELEASE.jar:4.1.6.RELEASE]
	at org.springframework.web.servlet.view.AbstractCachingViewResolver.resolveViewName(AbstractCachingViewResolver.java:146) ~[spring-webmvc-4.1.6.RELEASE.jar:4.1.6.RELEASE]
	at org.grails.web.servlet.view.GroovyPageViewResolver.resolveViewName(GroovyPageViewResolver.java:86) ~[grails-web-gsp-3.0.1.jar:3.0.1]
	at org.grails.web.servlet.view.GrailsLayoutViewResolver.resolveViewName(GrailsLayoutViewResolver.java:50) ~[grails-web-gsp-3.0.1.jar:3.0.1]
	at org.springframework.web.servlet.DispatcherServlet.resolveViewName(DispatcherServlet.java:1283) [spring-webmvc-4.1.6.RELEASE.jar:4.1.6.RELEASE]
	at org.springframework.web.servlet.DispatcherServlet.render(DispatcherServlet.java:1224) [spring-webmvc-4.1.6.RELEASE.jar:4.1.6.RELEASE]
	at org.springframework.web.servlet.DispatcherServlet.processDispatchResult(DispatcherServlet.java:1027) [spring-webmvc-4.1.6.RELEASE.jar:4.1.6.RELEASE]
	at org.springframework.web.servlet.DispatcherServlet.doDispatch(DispatcherServlet.java:971) [spring-webmvc-4.1.6.RELEASE.jar:4.1.6.RELEASE]
	at org.springframework.web.servlet.DispatcherServlet.doService(DispatcherServlet.java:893) [spring-webmvc-4.1.6.RELEASE.jar:4.1.6.RELEASE]
	at org.springframework.web.servlet.FrameworkServlet.processRequest(FrameworkServlet.java:966) [spring-webmvc-4.1.6.RELEASE.jar:4.1.6.RELEASE]
	at org.springframework.web.servlet.FrameworkServlet.doGet(FrameworkServlet.java:857) [spring-webmvc-4.1.6.RELEASE.jar:4.1.6.RELEASE]
	at javax.servlet.http.HttpServlet.service(HttpServlet.java:618) [tomcat-embed-core-8.0.20.jar:8.0.20]
	at org.springframework.web.servlet.FrameworkServlet.service(FrameworkServlet.java:842) [spring-webmvc-4.1.6.RELEASE.jar:4.1.6.RELEASE]
	at javax.servlet.http.HttpServlet.service(HttpServlet.java:725) [tomcat-embed-core-8.0.20.jar:8.0.20]
	at org.apache.catalina.core.ApplicationFilterChain.internalDoFilter(ApplicationFilterChain.java:291) [tomcat-embed-core-8.0.20.jar:8.0.20]
	at org.apache.catalina.core.ApplicationFilterChain.doFilter(ApplicationFilterChain.java:206) [tomcat-embed-core-8.0.20.jar:8.0.20]
	at org.apache.tomcat.websocket.server.WsFilter.doFilter(WsFilter.java:52) [tomcat-embed-websocket-8.0.20.jar:8.0.20]
	at org.apache.catalina.core.ApplicationFilterChain.internalDoFilter(ApplicationFilterChain.java:239) [tomcat-embed-core-8.0.20.jar:8.0.20]
	at org.apache.catalina.core.ApplicationFilterChain.doFilter(ApplicationFilterChain.java:206) [tomcat-embed-core-8.0.20.jar:8.0.20]
	at org.springframework.boot.actuate.autoconfigure.EndpointWebMvcAutoConfiguration$ApplicationContextHeaderFilter.doFilterInternal(EndpointWebMvcAutoConfiguration.java:291) [spring-boot-actuator-1.2.3.RELEASE.jar:1.2.3.RELEASE]
	at org.springframework.web.filter.OncePerRequestFilter.doFilter(OncePerRequestFilter.java:107) [spring-web-4.1.6.RELEASE.jar:4.1.6.RELEASE]
	at org.apache.catalina.core.ApplicationFilterChain.internalDoFilter(ApplicationFilterChain.java:239) [tomcat-embed-core-8.0.20.jar:8.0.20]
	at org.apache.catalina.core.ApplicationFilterChain.doFilter(ApplicationFilterChain.java:206) [tomcat-embed-core-8.0.20.jar:8.0.20]
	at org.springframework.boot.actuate.trace.WebRequestTraceFilter.doFilterInternal(WebRequestTraceFilter.java:102) [spring-boot-actuator-1.2.3.RELEASE.jar:1.2.3.RELEASE]
	at org.springframework.web.filter.OncePerRequestFilter.doFilter(OncePerRequestFilter.java:107) [spring-web-4.1.6.RELEASE.jar:4.1.6.RELEASE]
	at org.apache.catalina.core.ApplicationFilterChain.internalDoFilter(ApplicationFilterChain.java:239) [tomcat-embed-core-8.0.20.jar:8.0.20]
	at org.apache.catalina.core.ApplicationFilterChain.doFilter(ApplicationFilterChain.java:206) [tomcat-embed-core-8.0.20.jar:8.0.20]
	at org.grails.web.servlet.mvc.GrailsWebRequestFilter.doFilterInternal(GrailsWebRequestFilter.java:73) [grails-web-mvc-3.0.1.jar:3.0.1]
	at org.springframework.web.filter.OncePerRequestFilter.doFilter(OncePerRequestFilter.java:107) [spring-web-4.1.6.RELEASE.jar:4.1.6.RELEASE]
	at org.apache.catalina.core.ApplicationFilterChain.internalDoFilter(ApplicationFilterChain.java:239) [tomcat-embed-core-8.0.20.jar:8.0.20]
	at org.apache.catalina.core.ApplicationFilterChain.doFilter(ApplicationFilterChain.java:206) [tomcat-embed-core-8.0.20.jar:8.0.20]
	at org.grails.web.filters.HiddenHttpMethodFilter.doFilterInternal(HiddenHttpMethodFilter.java:67) [grails-web-mvc-3.0.1.jar:3.0.1]
	at org.springframework.web.filter.OncePerRequestFilter.doFilter(OncePerRequestFilter.java:107) [spring-web-4.1.6.RELEASE.jar:4.1.6.RELEASE]
	at org.apache.catalina.core.ApplicationFilterChain.internalDoFilter(ApplicationFilterChain.java:239) [tomcat-embed-core-8.0.20.jar:8.0.20]
	at org.apache.catalina.core.ApplicationFilterChain.doFilter(ApplicationFilterChain.java:206) [tomcat-embed-core-8.0.20.jar:8.0.20]
	at org.springframework.web.filter.CharacterEncodingFilter.doFilterInternal(CharacterEncodingFilter.java:85) [spring-web-4.1.6.RELEASE.jar:4.1.6.RELEASE]
	at org.springframework.web.filter.OncePerRequestFilter.doFilter(OncePerRequestFilter.java:107) [spring-web-4.1.6.RELEASE.jar:4.1.6.RELEASE]
	at org.apache.catalina.core.ApplicationFilterChain.internalDoFilter(ApplicationFilterChain.java:239) [tomcat-embed-core-8.0.20.jar:8.0.20]
	at org.apache.catalina.core.ApplicationFilterChain.doFilter(ApplicationFilterChain.java:206) [tomcat-embed-core-8.0.20.jar:8.0.20]
	at org.springframework.boot.actuate.autoconfigure.MetricFilterAutoConfiguration$MetricsFilter.doFilterInternal(MetricFilterAutoConfiguration.java:90) [spring-boot-actuator-1.2.3.RELEASE.jar:1.2.3.RELEASE]
	at org.springframework.web.filter.OncePerRequestFilter.doFilter(OncePerRequestFilter.java:107) [spring-web-4.1.6.RELEASE.jar:4.1.6.RELEASE]
	at org.apache.catalina.core.ApplicationFilterChain.internalDoFilter(ApplicationFilterChain.java:239) [tomcat-embed-core-8.0.20.jar:8.0.20]
	at org.apache.catalina.core.ApplicationFilterChain.doFilter(ApplicationFilterChain.java:206) [tomcat-embed-core-8.0.20.jar:8.0.20]
	at org.apache.catalina.core.StandardWrapperValve.invoke(StandardWrapperValve.java:219) [tomcat-embed-core-8.0.20.jar:8.0.20]
	at org.apache.catalina.core.StandardContextValve.invoke(StandardContextValve.java:106) [tomcat-embed-core-8.0.20.jar:8.0.20]
	at org.apache.catalina.authenticator.AuthenticatorBase.invoke(AuthenticatorBase.java:501) [tomcat-embed-core-8.0.20.jar:8.0.20]
	at org.apache.catalina.core.StandardHostValve.invoke(StandardHostValve.java:142) [tomcat-embed-core-8.0.20.jar:8.0.20]
	at org.apache.catalina.valves.ErrorReportValve.invoke(ErrorReportValve.java:79) [tomcat-embed-core-8.0.20.jar:8.0.20]
	at org.apache.catalina.core.StandardEngineValve.invoke(StandardEngineValve.java:88) [tomcat-embed-core-8.0.20.jar:8.0.20]
	at org.apache.catalina.connector.CoyoteAdapter.service(CoyoteAdapter.java:516) [tomcat-embed-core-8.0.20.jar:8.0.20]
	at org.apache.coyote.http11.AbstractHttp11Processor.process(AbstractHttp11Processor.java:1086) [tomcat-embed-core-8.0.20.jar:8.0.20]
	at org.apache.coyote.AbstractProtocol$AbstractConnectionHandler.process(AbstractProtocol.java:659) [tomcat-embed-core-8.0.20.jar:8.0.20]
	at org.apache.coyote.http11.Http11NioProtocol$Http11ConnectionHandler.process(Http11NioProtocol.java:223) [tomcat-embed-core-8.0.20.jar:8.0.20]
	at org.apache.tomcat.util.net.NioEndpoint$SocketProcessor.doRun(NioEndpoint.java:1558) [tomcat-embed-core-8.0.20.jar:8.0.20]
	at org.apache.tomcat.util.net.NioEndpoint$SocketProcessor.run(NioEndpoint.java:1515) [tomcat-embed-core-8.0.20.jar:8.0.20]
	at java.util.concurrent.ThreadPoolExecutor.runWorker(ThreadPoolExecutor.java:1145) [na:1.7.0_79]
	at java.util.concurrent.ThreadPoolExecutor$Worker.run(ThreadPoolExecutor.java:615) [na:1.7.0_79]
	at org.apache.tomcat.util.threads.TaskThread$WrappingRunnable.run(TaskThread.java:61) [tomcat-embed-core-8.0.20.jar:8.0.20]
	at java.lang.Thread.run(Thread.java:745) [na:1.7.0_79]
Caused by: org.codehaus.groovy.control.MultipleCompilationErrorsException: startup failed:
home_pablo_desa_personal_scm_grails_app_views_home_index_gsp: 31: unexpected token: def @ line 31, column 1.
   def myDailyActivitiesData = [['Work', 11], ['Eat', 2], ['Commute', 2], ['Watch TV', 2], ['Sleep', 7]])
   ^

1 error

	at org.codehaus.groovy.control.ErrorCollector.failIfErrors(ErrorCollector.java:309) ~[groovy-2.4.3.jar:2.4.3]
	at org.codehaus.groovy.control.ErrorCollector.addFatalError(ErrorCollector.java:149) ~[groovy-2.4.3.jar:2.4.3]
	at org.codehaus.groovy.control.ErrorCollector.addError(ErrorCollector.java:119) ~[groovy-2.4.3.jar:2.4.3]
	at org.codehaus.groovy.control.ErrorCollector.addError(ErrorCollector.java:131) ~[groovy-2.4.3.jar:2.4.3]
	at org.codehaus.groovy.control.SourceUnit.addError(SourceUnit.java:359) ~[groovy-2.4.3.jar:2.4.3]
	at org.codehaus.groovy.antlr.AntlrParserPlugin.transformCSTIntoAST(AntlrParserPlugin.java:142) ~[groovy-2.4.3.jar:2.4.3]
	at org.codehaus.groovy.antlr.AntlrParserPlugin.parseCST(AntlrParserPlugin.java:108) ~[groovy-2.4.3.jar:2.4.3]
	at org.codehaus.groovy.control.SourceUnit.parse(SourceUnit.java:236) ~[groovy-2.4.3.jar:2.4.3]
	at org.codehaus.groovy.control.CompilationUnit$1.call(CompilationUnit.java:164) ~[groovy-2.4.3.jar:2.4.3]
	at org.codehaus.groovy.control.CompilationUnit.applyToSourceUnits(CompilationUnit.java:928) ~[groovy-2.4.3.jar:2.4.3]
	at org.codehaus.groovy.control.CompilationUnit.doPhaseOperation(CompilationUnit.java:590) ~[groovy-2.4.3.jar:2.4.3]
	at org.codehaus.groovy.control.CompilationUnit.processPhaseOperations(CompilationUnit.java:566) ~[groovy-2.4.3.jar:2.4.3]
	at org.codehaus.groovy.control.CompilationUnit.compile(CompilationUnit.java:543) ~[groovy-2.4.3.jar:2.4.3]
	at groovy.lang.GroovyClassLoader.doParseClass(GroovyClassLoader.java:297) ~[groovy-2.4.3.jar:2.4.3]
	at groovy.lang.GroovyClassLoader.parseClass(GroovyClassLoader.java:267) ~[groovy-2.4.3.jar:2.4.3]
	at groovy.lang.GroovyClassLoader.parseClass(GroovyClassLoader.java:253) ~[groovy-2.4.3.jar:2.4.3]
	at groovy.lang.GroovyClassLoader.parseClass(GroovyClassLoader.java:211) ~[groovy-2.4.3.jar:2.4.3]
	at org.grails.gsp.GroovyPagesTemplateEngine.compileGroovyPage(GroovyPagesTemplateEngine.java:602) ~[grails-gsp-3.0.1.jar:3.0.1]
	... 74 common frames omitted
ERROR StackTrace - Full Stack Trace:
org.codehaus.groovy.control.MultipleCompilationErrorsException: startup failed:
home_pablo_desa_personal_scm_grails_app_views_home_index_gsp: 31: unexpected token: def @ line 31, column 1.
   def myDailyActivitiesData = [['Work', 11], ['Eat', 2], ['Commute', 2], ['Watch TV', 2], ['Sleep', 7]])
   ^

1 error

	at org.codehaus.groovy.control.ErrorCollector.failIfErrors(ErrorCollector.java:309) ~[groovy-2.4.3.jar:2.4.3]
	at org.codehaus.groovy.control.ErrorCollector.addFatalError(ErrorCollector.java:149) ~[groovy-2.4.3.jar:2.4.3]
	at org.codehaus.groovy.control.ErrorCollector.addError(ErrorCollector.java:119) ~[groovy-2.4.3.jar:2.4.3]
	at org.codehaus.groovy.control.ErrorCollector.addError(ErrorCollector.java:131) ~[groovy-2.4.3.jar:2.4.3]
	at org.codehaus.groovy.control.SourceUnit.addError(SourceUnit.java:359) ~[groovy-2.4.3.jar:2.4.3]
	at org.codehaus.groovy.antlr.AntlrParserPlugin.transformCSTIntoAST(AntlrParserPlugin.java:142) ~[groovy-2.4.3.jar:2.4.3]
	at org.codehaus.groovy.antlr.AntlrParserPlugin.parseCST(AntlrParserPlugin.java:108) ~[groovy-2.4.3.jar:2.4.3]
	at org.codehaus.groovy.control.SourceUnit.parse(SourceUnit.java:236) ~[groovy-2.4.3.jar:2.4.3]
	at org.codehaus.groovy.control.CompilationUnit$1.call(CompilationUnit.java:164) ~[groovy-2.4.3.jar:2.4.3]
	at org.codehaus.groovy.control.CompilationUnit.applyToSourceUnits(CompilationUnit.java:928) ~[groovy-2.4.3.jar:2.4.3]
	at org.codehaus.groovy.control.CompilationUnit.doPhaseOperation(CompilationUnit.java:590) ~[groovy-2.4.3.jar:2.4.3]
	at org.codehaus.groovy.control.CompilationUnit.processPhaseOperations(CompilationUnit.java:566) ~[groovy-2.4.3.jar:2.4.3]
	at org.codehaus.groovy.control.CompilationUnit.compile(CompilationUnit.java:543) ~[groovy-2.4.3.jar:2.4.3]
	at groovy.lang.GroovyClassLoader.doParseClass(GroovyClassLoader.java:297) ~[groovy-2.4.3.jar:2.4.3]
	at groovy.lang.GroovyClassLoader.parseClass(GroovyClassLoader.java:267) ~[groovy-2.4.3.jar:2.4.3]
	at groovy.lang.GroovyClassLoader.parseClass(GroovyClassLoader.java:253) ~[groovy-2.4.3.jar:2.4.3]
	at groovy.lang.GroovyClassLoader.parseClass(GroovyClassLoader.java:211) ~[groovy-2.4.3.jar:2.4.3]
	at org.grails.gsp.GroovyPagesTemplateEngine.compileGroovyPage(GroovyPagesTemplateEngine.java:602) ~[grails-gsp-3.0.1.jar:3.0.1]
	at org.grails.gsp.GroovyPagesTemplateEngine.buildPageMetaInfo(GroovyPagesTemplateEngine.java:554) ~[grails-gsp-3.0.1.jar:3.0.1]
	at org.grails.gsp.GroovyPagesTemplateEngine.buildPageMetaInfo(GroovyPagesTemplateEngine.java:445) ~[grails-gsp-3.0.1.jar:3.0.1]
	at org.grails.gsp.GroovyPagesTemplateEngine$GroovyPagesTemplateEngineCacheEntry.updateValue(GroovyPagesTemplateEngine.java:135) ~[grails-gsp-3.0.1.jar:3.0.1]
	at org.grails.gsp.GroovyPagesTemplateEngine$GroovyPagesTemplateEngineCacheEntry.updateValue(GroovyPagesTemplateEngine.java:114) ~[grails-gsp-3.0.1.jar:3.0.1]
	at grails.util.CacheEntry.getValue(CacheEntry.java:144) ~[grails-core-3.0.1.jar:3.0.1]
	at grails.util.CacheEntry.getValue(CacheEntry.java:84) ~[grails-core-3.0.1.jar:3.0.1]
	at org.grails.gsp.GroovyPagesTemplateEngine.createTemplate(GroovyPagesTemplateEngine.java:281) ~[grails-gsp-3.0.1.jar:3.0.1]
	at org.grails.gsp.GroovyPagesTemplateEngine.createTemplate(GroovyPagesTemplateEngine.java:271) ~[grails-gsp-3.0.1.jar:3.0.1]
	at org.grails.gsp.GroovyPagesTemplateEngine.createTemplate(GroovyPagesTemplateEngine.java:373) ~[grails-gsp-3.0.1.jar:3.0.1]
	at org.grails.web.servlet.view.GroovyPageView.initTemplate(GroovyPageView.java:174) ~[grails-web-gsp-3.0.1.jar:3.0.1]
	at org.grails.web.servlet.view.GroovyPageView.afterPropertiesSet(GroovyPageView.java:163) ~[grails-web-gsp-3.0.1.jar:3.0.1]
	at org.grails.web.servlet.view.GroovyPageViewResolver.createGroovyPageView(GroovyPageViewResolver.java:209) ~[grails-web-gsp-3.0.1.jar:3.0.1]
	at org.grails.web.servlet.view.GroovyPageViewResolver.createGrailsView(GroovyPageViewResolver.java:192) ~[grails-web-gsp-3.0.1.jar:3.0.1]
	at org.grails.web.servlet.view.GroovyPageViewResolver.loadView(GroovyPageViewResolver.java:97) ~[grails-web-gsp-3.0.1.jar:3.0.1]
	at org.springframework.web.servlet.view.AbstractCachingViewResolver.createView(AbstractCachingViewResolver.java:244) ~[spring-webmvc-4.1.6.RELEASE.jar:4.1.6.RELEASE]
	at org.springframework.web.servlet.view.UrlBasedViewResolver.createView(UrlBasedViewResolver.java:446) ~[spring-webmvc-4.1.6.RELEASE.jar:4.1.6.RELEASE]
	at org.springframework.web.servlet.view.AbstractCachingViewResolver.resolveViewName(AbstractCachingViewResolver.java:146) ~[spring-webmvc-4.1.6.RELEASE.jar:4.1.6.RELEASE]
	at org.grails.web.servlet.view.GroovyPageViewResolver.resolveViewName(GroovyPageViewResolver.java:86) ~[grails-web-gsp-3.0.1.jar:3.0.1]
	at org.grails.web.servlet.view.GrailsLayoutViewResolver.resolveViewName(GrailsLayoutViewResolver.java:50) ~[grails-web-gsp-3.0.1.jar:3.0.1]
	at org.springframework.web.servlet.DispatcherServlet.resolveViewName(DispatcherServlet.java:1283) [spring-webmvc-4.1.6.RELEASE.jar:4.1.6.RELEASE]
	at org.springframework.web.servlet.DispatcherServlet.render(DispatcherServlet.java:1224) [spring-webmvc-4.1.6.RELEASE.jar:4.1.6.RELEASE]
	at org.springframework.web.servlet.DispatcherServlet.processDispatchResult(DispatcherServlet.java:1027) [spring-webmvc-4.1.6.RELEASE.jar:4.1.6.RELEASE]
	at org.springframework.web.servlet.DispatcherServlet.doDispatch(DispatcherServlet.java:971) [spring-webmvc-4.1.6.RELEASE.jar:4.1.6.RELEASE]
	at org.springframework.web.servlet.DispatcherServlet.doService(DispatcherServlet.java:893) [spring-webmvc-4.1.6.RELEASE.jar:4.1.6.RELEASE]
	at org.springframework.web.servlet.FrameworkServlet.processRequest(FrameworkServlet.java:966) [spring-webmvc-4.1.6.RELEASE.jar:4.1.6.RELEASE]
	at org.springframework.web.servlet.FrameworkServlet.doGet(FrameworkServlet.java:857) [spring-webmvc-4.1.6.RELEASE.jar:4.1.6.RELEASE]
	at javax.servlet.http.HttpServlet.service(HttpServlet.java:618) [tomcat-embed-core-8.0.20.jar:8.0.20]
	at org.springframework.web.servlet.FrameworkServlet.service(FrameworkServlet.java:842) [spring-webmvc-4.1.6.RELEASE.jar:4.1.6.RELEASE]
	at javax.servlet.http.HttpServlet.service(HttpServlet.java:725) [tomcat-embed-core-8.0.20.jar:8.0.20]
	at org.apache.catalina.core.ApplicationFilterChain.internalDoFilter(ApplicationFilterChain.java:291) [tomcat-embed-core-8.0.20.jar:8.0.20]
	at org.apache.catalina.core.ApplicationFilterChain.doFilter(ApplicationFilterChain.java:206) [tomcat-embed-core-8.0.20.jar:8.0.20]
	at org.apache.tomcat.websocket.server.WsFilter.doFilter(WsFilter.java:52) [tomcat-embed-websocket-8.0.20.jar:8.0.20]
	at org.apache.catalina.core.ApplicationFilterChain.internalDoFilter(ApplicationFilterChain.java:239) [tomcat-embed-core-8.0.20.jar:8.0.20]
	at org.apache.catalina.core.ApplicationFilterChain.doFilter(ApplicationFilterChain.java:206) [tomcat-embed-core-8.0.20.jar:8.0.20]
	at org.springframework.boot.actuate.autoconfigure.EndpointWebMvcAutoConfiguration$ApplicationContextHeaderFilter.doFilterInternal(EndpointWebMvcAutoConfiguration.java:291) [spring-boot-actuator-1.2.3.RELEASE.jar:1.2.3.RELEASE]
	at org.springframework.web.filter.OncePerRequestFilter.doFilter(OncePerRequestFilter.java:107) [spring-web-4.1.6.RELEASE.jar:4.1.6.RELEASE]
	at org.apache.catalina.core.ApplicationFilterChain.internalDoFilter(ApplicationFilterChain.java:239) [tomcat-embed-core-8.0.20.jar:8.0.20]
	at org.apache.catalina.core.ApplicationFilterChain.doFilter(ApplicationFilterChain.java:206) [tomcat-embed-core-8.0.20.jar:8.0.20]
	at org.springframework.boot.actuate.trace.WebRequestTraceFilter.doFilterInternal(WebRequestTraceFilter.java:102) [spring-boot-actuator-1.2.3.RELEASE.jar:1.2.3.RELEASE]
	at org.springframework.web.filter.OncePerRequestFilter.doFilter(OncePerRequestFilter.java:107) [spring-web-4.1.6.RELEASE.jar:4.1.6.RELEASE]
	at org.apache.catalina.core.ApplicationFilterChain.internalDoFilter(ApplicationFilterChain.java:239) [tomcat-embed-core-8.0.20.jar:8.0.20]
	at org.apache.catalina.core.ApplicationFilterChain.doFilter(ApplicationFilterChain.java:206) [tomcat-embed-core-8.0.20.jar:8.0.20]
	at org.grails.web.servlet.mvc.GrailsWebRequestFilter.doFilterInternal(GrailsWebRequestFilter.java:73) [grails-web-mvc-3.0.1.jar:3.0.1]
	at org.springframework.web.filter.OncePerRequestFilter.doFilter(OncePerRequestFilter.java:107) [spring-web-4.1.6.RELEASE.jar:4.1.6.RELEASE]
	at org.apache.catalina.core.ApplicationFilterChain.internalDoFilter(ApplicationFilterChain.java:239) [tomcat-embed-core-8.0.20.jar:8.0.20]
	at org.apache.catalina.core.ApplicationFilterChain.doFilter(ApplicationFilterChain.java:206) [tomcat-embed-core-8.0.20.jar:8.0.20]
	at org.grails.web.filters.HiddenHttpMethodFilter.doFilterInternal(HiddenHttpMethodFilter.java:67) [grails-web-mvc-3.0.1.jar:3.0.1]
	at org.springframework.web.filter.OncePerRequestFilter.doFilter(OncePerRequestFilter.java:107) [spring-web-4.1.6.RELEASE.jar:4.1.6.RELEASE]
	at org.apache.catalina.core.ApplicationFilterChain.internalDoFilter(ApplicationFilterChain.java:239) [tomcat-embed-core-8.0.20.jar:8.0.20]
	at org.apache.catalina.core.ApplicationFilterChain.doFilter(ApplicationFilterChain.java:206) [tomcat-embed-core-8.0.20.jar:8.0.20]
	at org.springframework.web.filter.CharacterEncodingFilter.doFilterInternal(CharacterEncodingFilter.java:85) [spring-web-4.1.6.RELEASE.jar:4.1.6.RELEASE]
	at org.springframework.web.filter.OncePerRequestFilter.doFilter(OncePerRequestFilter.java:107) [spring-web-4.1.6.RELEASE.jar:4.1.6.RELEASE]
	at org.apache.catalina.core.ApplicationFilterChain.internalDoFilter(ApplicationFilterChain.java:239) [tomcat-embed-core-8.0.20.jar:8.0.20]
	at org.apache.catalina.core.ApplicationFilterChain.doFilter(ApplicationFilterChain.java:206) [tomcat-embed-core-8.0.20.jar:8.0.20]
	at org.springframework.boot.actuate.autoconfigure.MetricFilterAutoConfiguration$MetricsFilter.doFilterInternal(MetricFilterAutoConfiguration.java:90) [spring-boot-actuator-1.2.3.RELEASE.jar:1.2.3.RELEASE]
	at org.springframework.web.filter.OncePerRequestFilter.doFilter(OncePerRequestFilter.java:107) [spring-web-4.1.6.RELEASE.jar:4.1.6.RELEASE]
	at org.apache.catalina.core.ApplicationFilterChain.internalDoFilter(ApplicationFilterChain.java:239) [tomcat-embed-core-8.0.20.jar:8.0.20]
	at org.apache.catalina.core.ApplicationFilterChain.doFilter(ApplicationFilterChain.java:206) [tomcat-embed-core-8.0.20.jar:8.0.20]
	at org.apache.catalina.core.StandardWrapperValve.invoke(StandardWrapperValve.java:219) [tomcat-embed-core-8.0.20.jar:8.0.20]
	at org.apache.catalina.core.StandardContextValve.invoke(StandardContextValve.java:106) [tomcat-embed-core-8.0.20.jar:8.0.20]
	at org.apache.catalina.authenticator.AuthenticatorBase.invoke(AuthenticatorBase.java:501) [tomcat-embed-core-8.0.20.jar:8.0.20]
	at org.apache.catalina.core.StandardHostValve.invoke(StandardHostValve.java:142) [tomcat-embed-core-8.0.20.jar:8.0.20]
	at org.apache.catalina.valves.ErrorReportValve.invoke(ErrorReportValve.java:79) [tomcat-embed-core-8.0.20.jar:8.0.20]
	at org.apache.catalina.core.StandardEngineValve.invoke(StandardEngineValve.java:88) [tomcat-embed-core-8.0.20.jar:8.0.20]
	at org.apache.catalina.connector.CoyoteAdapter.service(CoyoteAdapter.java:516) [tomcat-embed-core-8.0.20.jar:8.0.20]
	at org.apache.coyote.http11.AbstractHttp11Processor.process(AbstractHttp11Processor.java:1086) [tomcat-embed-core-8.0.20.jar:8.0.20]
	at org.apache.coyote.AbstractProtocol$AbstractConnectionHandler.process(AbstractProtocol.java:659) [tomcat-embed-core-8.0.20.jar:8.0.20]
	at org.apache.coyote.http11.Http11NioProtocol$Http11ConnectionHandler.process(Http11NioProtocol.java:223) [tomcat-embed-core-8.0.20.jar:8.0.20]
	at org.apache.tomcat.util.net.NioEndpoint$SocketProcessor.doRun(NioEndpoint.java:1558) [tomcat-embed-core-8.0.20.jar:8.0.20]
	at org.apache.tomcat.util.net.NioEndpoint$SocketProcessor.run(NioEndpoint.java:1515) [tomcat-embed-core-8.0.20.jar:8.0.20]
	at java.util.concurrent.ThreadPoolExecutor.runWorker(ThreadPoolExecutor.java:1145) [na:1.7.0_79]
	at java.util.concurrent.ThreadPoolExecutor$Worker.run(ThreadPoolExecutor.java:615) [na:1.7.0_79]
	at org.apache.tomcat.util.threads.TaskThread$WrappingRunnable.run(TaskThread.java:61) [tomcat-embed-core-8.0.20.jar:8.0.20]
	at java.lang.Thread.run(Thread.java:745) [na:1.7.0_79]
ERROR StackTrace - Full Stack Trace:
org.grails.gsp.GroovyPagesException: Could not parse script [/home/pablo/desa/personal/scm/grails-app/views/home/index.gsp]: startup failed:
home_pablo_desa_personal_scm_grails_app_views_home_index_gsp: 31: unexpected token: def @ line 31, column 1.
   def myDailyActivitiesData = [['Work', 11], ['Eat', 2], ['Commute', 2], ['Watch TV', 2], ['Sleep', 7]])
   ^

1 error

	at grails.util.CacheEntry.getValue(CacheEntry.java:144) ~[grails-core-3.0.1.jar:3.0.1]
	at grails.util.CacheEntry.getValue(CacheEntry.java:84) ~[grails-core-3.0.1.jar:3.0.1]
	at java.util.concurrent.ThreadPoolExecutor.runWorker(ThreadPoolExecutor.java:1145) ~[na:1.7.0_79]
	at java.util.concurrent.ThreadPoolExecutor$Worker.run(ThreadPoolExecutor.java:615) ~[na:1.7.0_79]
	at java.lang.Thread.run(Thread.java:745) [na:1.7.0_79]
Caused by: org.codehaus.groovy.control.MultipleCompilationErrorsException: startup failed:
home_pablo_desa_personal_scm_grails_app_views_home_index_gsp: 31: unexpected token: def @ line 31, column 1.
   def myDailyActivitiesData = [['Work', 11], ['Eat', 2], ['Commute', 2], ['Watch TV', 2], ['Sleep', 7]])
   ^

1 error

	at org.codehaus.groovy.control.ErrorCollector.failIfErrors(ErrorCollector.java:309) ~[groovy-2.4.3.jar:2.4.3]
	at org.codehaus.groovy.control.ErrorCollector.addFatalError(ErrorCollector.java:149) ~[groovy-2.4.3.jar:2.4.3]
	at org.codehaus.groovy.control.ErrorCollector.addError(ErrorCollector.java:119) ~[groovy-2.4.3.jar:2.4.3]
	at org.codehaus.groovy.control.ErrorCollector.addError(ErrorCollector.java:131) ~[groovy-2.4.3.jar:2.4.3]
	at org.codehaus.groovy.control.SourceUnit.addError(SourceUnit.java:359) ~[groovy-2.4.3.jar:2.4.3]
	at org.codehaus.groovy.antlr.AntlrParserPlugin.transformCSTIntoAST(AntlrParserPlugin.java:142) ~[groovy-2.4.3.jar:2.4.3]
	at org.codehaus.groovy.antlr.AntlrParserPlugin.parseCST(AntlrParserPlugin.java:108) ~[groovy-2.4.3.jar:2.4.3]
	at org.codehaus.groovy.control.SourceUnit.parse(SourceUnit.java:236) ~[groovy-2.4.3.jar:2.4.3]
	at org.codehaus.groovy.control.CompilationUnit$1.call(CompilationUnit.java:164) ~[groovy-2.4.3.jar:2.4.3]
	at org.codehaus.groovy.control.CompilationUnit.applyToSourceUnits(CompilationUnit.java:928) ~[groovy-2.4.3.jar:2.4.3]
	at org.codehaus.groovy.control.CompilationUnit.doPhaseOperation(CompilationUnit.java:590) ~[groovy-2.4.3.jar:2.4.3]
	at org.codehaus.groovy.control.CompilationUnit.processPhaseOperations(CompilationUnit.java:566) ~[groovy-2.4.3.jar:2.4.3]
	at org.codehaus.groovy.control.CompilationUnit.compile(CompilationUnit.java:543) ~[groovy-2.4.3.jar:2.4.3]
	... 5 common frames omitted
